DEBUG:root:low_point = Point(10.0, 10.0) high_point = Point(20.0, 20.0)
DEBUG:root:low_point = Point(20.0, 20.0) high_point = Point(30.0, 30.0)
DEBUG:root:low_point = Point(20.0, 0.0) high_point = Point(30.0, 10.0)
DEBUG:root:low_point = Point(0.0, 0.0) high_point = Point(10.0, 10.0)
DEBUG:root:if matrix loop x = 0 y = 0
DEBUG:root:x = 0 y = 0
DEBUG:root:i = 30 j = 10
DEBUG:root:i = 10
DEBUG:root:j = 10
DEBUG:root:if matrix loop x = 0 y = 10
DEBUG:root:x = 0 y = 10
DEBUG:root:i = 30 j = 0
DEBUG:root:i = 10
DEBUG:root:j = 20
DEBUG:root:if matrix loop x = 10 y = 0
DEBUG:root:x = 10 y = 0
DEBUG:root:i = 0 j = 10
DEBUG:root:i = 20
DEBUG:root:j = 10
DEBUG:root:if matrix loop x = 10 y = 10
DEBUG:root:x = 10 y = 10
DEBUG:root:i = 0 j = 0
DEBUG:root:i = 20
DEBUG:root:j = 20
DEBUG:root:if matrix loop x = 20 y = 0
DEBUG:root:x = 20 y = 0
DEBUG:root:i = 10 j = 10
DEBUG:root:i = 0
DEBUG:root:j = 10
DEBUG:root:if matrix loop x = 20 y = 10
DEBUG:root:x = 20 y = 10
DEBUG:root:i = 10 j = 0
DEBUG:root:i = 0
DEBUG:root:j = 20
DEBUG:root:refresh_grid ===> x = 0 y = 0
DEBUG:root:refresh_grid ===> x = 0 y = 10
DEBUG:root:refresh_grid ===> x = 10 y = 0
DEBUG:root:refresh_grid ===> x = 10 y = 10
DEBUG:root:refresh_grid ===> x = 20 y = 0
DEBUG:root:refresh_grid ===> x = 20 y = 10
DEBUG:root:refresh_grid ===> x = 0 y = 0
DEBUG:root:refresh_grid ===> x = 0 y = 10
DEBUG:root:refresh_grid ===> x = 10 y = 0
DEBUG:root:refresh_grid ===> x = 10 y = 10
DEBUG:root:refresh_grid ===> x = 20 y = 0
DEBUG:root:refresh_grid ===> x = 20 y = 10
DEBUG:root:refresh_grid ===> x = 0 y = 0
DEBUG:root:refresh_grid ===> x = 0 y = 10
DEBUG:root:refresh_grid ===> x = 10 y = 0
DEBUG:root:refresh_grid ===> x = 10 y = 10
DEBUG:root:refresh_grid ===> x = 20 y = 0
DEBUG:root:refresh_grid ===> x = 20 y = 10
DEBUG:root:refresh_grid ===> x = 0 y = 0
DEBUG:root:refresh_grid ===> x = 0 y = 10
DEBUG:root:refresh_grid ===> x = 10 y = 0
DEBUG:root:refresh_grid ===> x = 10 y = 10
DEBUG:root:refresh_grid ===> x = 20 y = 0
DEBUG:root:refresh_grid ===> x = 20 y = 10
DEBUG:root:refresh_grid ===> x = 0 y = 0
DEBUG:root:refresh_grid ===> x = 0 y = 10
DEBUG:root:refresh_grid ===> x = 10 y = 0
DEBUG:root:refresh_grid ===> x = 10 y = 10
DEBUG:root:refresh_grid ===> x = 20 y = 0
DEBUG:root:refresh_grid ===> x = 20 y = 10
DEBUG:root:refresh_grid ===> x = 0 y = 0
DEBUG:root:refresh_grid ===> x = 0 y = 10
DEBUG:root:refresh_grid ===> x = 10 y = 0
DEBUG:root:refresh_grid ===> x = 10 y = 10
DEBUG:root:refresh_grid ===> x = 20 y = 0
DEBUG:root:refresh_grid ===> x = 20 y = 10
DEBUG:root:refresh_grid ===> x = 0 y = 0
DEBUG:root:refresh_grid ===> x = 0 y = 10
DEBUG:root:refresh_grid ===> x = 10 y = 0
DEBUG:root:refresh_grid ===> x = 10 y = 10
DEBUG:root:refresh_grid ===> x = 20 y = 0
DEBUG:root:refresh_grid ===> x = 20 y = 10
DEBUG:root:refresh_grid ===> x = 0 y = 0
DEBUG:root:refresh_grid ===> x = 0 y = 10
DEBUG:root:refresh_grid ===> x = 10 y = 0
DEBUG:root:refresh_grid ===> x = 10 y = 10
DEBUG:root:refresh_grid ===> x = 20 y = 0
DEBUG:root:refresh_grid ===> x = 20 y = 10
DEBUG:root:refresh_grid ===> x = 0 y = 0
DEBUG:root:refresh_grid ===> x = 0 y = 10
DEBUG:root:refresh_grid ===> x = 10 y = 0
DEBUG:root:refresh_grid ===> x = 10 y = 10
DEBUG:root:refresh_grid ===> x = 20 y = 0
DEBUG:root:refresh_grid ===> x = 20 y = 10
DEBUG:root:refresh_grid ===> x = 0 y = 0
DEBUG:root:refresh_grid ===> x = 0 y = 10
DEBUG:root:refresh_grid ===> x = 10 y = 0
DEBUG:root:refresh_grid ===> x = 10 y = 10
DEBUG:root:refresh_grid ===> x = 20 y = 0
DEBUG:root:refresh_grid ===> x = 20 y = 10
DEBUG:root:refresh_grid ===> x = 0 y = 0
DEBUG:root:refresh_grid ===> x = 0 y = 10
DEBUG:root:refresh_grid ===> x = 10 y = 0
DEBUG:root:refresh_grid ===> x = 10 y = 10
DEBUG:root:refresh_grid ===> x = 20 y = 0
DEBUG:root:refresh_grid ===> x = 20 y = 10
DEBUG:root:refresh_grid ===> x = 0 y = 0
DEBUG:root:refresh_grid ===> x = 0 y = 10
DEBUG:root:refresh_grid ===> x = 10 y = 0
DEBUG:root:refresh_grid ===> x = 10 y = 10
DEBUG:root:refresh_grid ===> x = 20 y = 0
DEBUG:root:refresh_grid ===> x = 20 y = 10
DEBUG:root:refresh_grid ===> x = 0 y = 0
DEBUG:root:refresh_grid ===> x = 0 y = 10
DEBUG:root:refresh_grid ===> x = 10 y = 0
DEBUG:root:refresh_grid ===> x = 10 y = 10
DEBUG:root:refresh_grid ===> x = 20 y = 0
DEBUG:root:refresh_grid ===> x = 20 y = 10
DEBUG:root:refresh_grid ===> x = 0 y = 0
DEBUG:root:refresh_grid ===> x = 0 y = 10
DEBUG:root:refresh_grid ===> x = 10 y = 0
DEBUG:root:refresh_grid ===> x = 10 y = 10
DEBUG:root:refresh_grid ===> x = 20 y = 0
DEBUG:root:refresh_grid ===> x = 20 y = 10
DEBUG:root:refresh_grid ===> x = 0 y = 0
DEBUG:root:refresh_grid ===> x = 0 y = 10
DEBUG:root:refresh_grid ===> x = 10 y = 0
DEBUG:root:refresh_grid ===> x = 10 y = 10
DEBUG:root:refresh_grid ===> x = 20 y = 0
DEBUG:root:refresh_grid ===> x = 20 y = 10
DEBUG:root:refresh_grid ===> x = 0 y = 0
DEBUG:root:refresh_grid ===> x = 0 y = 10
DEBUG:root:refresh_grid ===> x = 10 y = 0
DEBUG:root:refresh_grid ===> x = 10 y = 10
DEBUG:root:refresh_grid ===> x = 20 y = 0
DEBUG:root:refresh_grid ===> x = 20 y = 10
DEBUG:root:refresh_grid ===> x = 0 y = 0
DEBUG:root:refresh_grid ===> x = 0 y = 10
DEBUG:root:refresh_grid ===> x = 10 y = 0
DEBUG:root:refresh_grid ===> x = 10 y = 10
DEBUG:root:refresh_grid ===> x = 20 y = 0
DEBUG:root:refresh_grid ===> x = 20 y = 10
DEBUG:root:refresh_grid ===> x = 0 y = 0
DEBUG:root:refresh_grid ===> x = 0 y = 10
DEBUG:root:refresh_grid ===> x = 10 y = 0
DEBUG:root:refresh_grid ===> x = 10 y = 10
DEBUG:root:refresh_grid ===> x = 20 y = 0
DEBUG:root:refresh_grid ===> x = 20 y = 10
DEBUG:root:refresh_grid ===> x = 0 y = 0
DEBUG:root:refresh_grid ===> x = 0 y = 10
DEBUG:root:refresh_grid ===> x = 10 y = 0
DEBUG:root:refresh_grid ===> x = 10 y = 10
DEBUG:root:refresh_grid ===> x = 20 y = 0
DEBUG:root:refresh_grid ===> x = 20 y = 10
DEBUG:root:refresh_grid ===> x = 0 y = 0
DEBUG:root:refresh_grid ===> x = 0 y = 10
DEBUG:root:refresh_grid ===> x = 10 y = 0
DEBUG:root:refresh_grid ===> x = 10 y = 10
DEBUG:root:refresh_grid ===> x = 20 y = 0
DEBUG:root:refresh_grid ===> x = 20 y = 10
DEBUG:root:refresh_grid ===> x = 0 y = 0
DEBUG:root:refresh_grid ===> x = 0 y = 10
DEBUG:root:refresh_grid ===> x = 10 y = 0
DEBUG:root:refresh_grid ===> x = 10 y = 10
DEBUG:root:refresh_grid ===> x = 20 y = 0
DEBUG:root:refresh_grid ===> x = 20 y = 10
DEBUG:root:refresh_grid ===> x = 0 y = 0
DEBUG:root:refresh_grid ===> x = 0 y = 10
DEBUG:root:refresh_grid ===> x = 10 y = 0
DEBUG:root:refresh_grid ===> x = 10 y = 10
DEBUG:root:refresh_grid ===> x = 20 y = 0
DEBUG:root:refresh_grid ===> x = 20 y = 10
DEBUG:root:refresh_grid ===> x = 0 y = 0
DEBUG:root:refresh_grid ===> x = 0 y = 10
DEBUG:root:refresh_grid ===> x = 10 y = 0
DEBUG:root:refresh_grid ===> x = 10 y = 10
DEBUG:root:refresh_grid ===> x = 20 y = 0
DEBUG:root:refresh_grid ===> x = 20 y = 10
DEBUG:root:refresh_grid ===> x = 0 y = 0
DEBUG:root:refresh_grid ===> x = 0 y = 10
DEBUG:root:refresh_grid ===> x = 10 y = 0
DEBUG:root:refresh_grid ===> x = 10 y = 10
DEBUG:root:refresh_grid ===> x = 20 y = 0
DEBUG:root:refresh_grid ===> x = 20 y = 10
DEBUG:root:refresh_grid ===> x = 0 y = 0
DEBUG:root:refresh_grid ===> x = 0 y = 10
DEBUG:root:refresh_grid ===> x = 10 y = 0
DEBUG:root:refresh_grid ===> x = 10 y = 10
DEBUG:root:refresh_grid ===> x = 20 y = 0
DEBUG:root:refresh_grid ===> x = 20 y = 10
DEBUG:root:refresh_grid ===> x = 0 y = 0
DEBUG:root:refresh_grid ===> x = 0 y = 10
DEBUG:root:refresh_grid ===> x = 10 y = 0
DEBUG:root:refresh_grid ===> x = 10 y = 10
DEBUG:root:refresh_grid ===> x = 20 y = 0
DEBUG:root:refresh_grid ===> x = 20 y = 10
DEBUG:root:refresh_grid ===> x = 0 y = 0
DEBUG:root:refresh_grid ===> x = 0 y = 10
DEBUG:root:refresh_grid ===> x = 10 y = 0
DEBUG:root:refresh_grid ===> x = 10 y = 10
DEBUG:root:refresh_grid ===> x = 20 y = 0
DEBUG:root:refresh_grid ===> x = 20 y = 10
DEBUG:root:refresh_grid ===> x = 0 y = 0
DEBUG:root:refresh_grid ===> x = 0 y = 10
DEBUG:root:refresh_grid ===> x = 10 y = 0
DEBUG:root:refresh_grid ===> x = 10 y = 10
DEBUG:root:refresh_grid ===> x = 20 y = 0
DEBUG:root:refresh_grid ===> x = 20 y = 10
DEBUG:root:refresh_grid ===> x = 0 y = 0
DEBUG:root:refresh_grid ===> x = 0 y = 10
DEBUG:root:refresh_grid ===> x = 10 y = 0
DEBUG:root:refresh_grid ===> x = 10 y = 10
DEBUG:root:refresh_grid ===> x = 20 y = 0
DEBUG:root:refresh_grid ===> x = 20 y = 10
DEBUG:root:refresh_grid ===> x = 0 y = 0
DEBUG:root:refresh_grid ===> x = 0 y = 10
DEBUG:root:refresh_grid ===> x = 10 y = 0
DEBUG:root:refresh_grid ===> x = 10 y = 10
DEBUG:root:refresh_grid ===> x = 20 y = 0
DEBUG:root:refresh_grid ===> x = 20 y = 10
DEBUG:root:refresh_grid ===> x = 0 y = 0
DEBUG:root:refresh_grid ===> x = 0 y = 10
DEBUG:root:refresh_grid ===> x = 10 y = 0
DEBUG:root:refresh_grid ===> x = 10 y = 10
DEBUG:root:refresh_grid ===> x = 20 y = 0
DEBUG:root:refresh_grid ===> x = 20 y = 10
DEBUG:root:refresh_grid ===> x = 0 y = 0
DEBUG:root:refresh_grid ===> x = 0 y = 10
DEBUG:root:refresh_grid ===> x = 10 y = 0
DEBUG:root:refresh_grid ===> x = 10 y = 10
DEBUG:root:refresh_grid ===> x = 20 y = 0
DEBUG:root:refresh_grid ===> x = 20 y = 10
DEBUG:root:refresh_grid ===> x = 0 y = 0
DEBUG:root:refresh_grid ===> x = 0 y = 10
DEBUG:root:refresh_grid ===> x = 10 y = 0
DEBUG:root:refresh_grid ===> x = 10 y = 10
DEBUG:root:refresh_grid ===> x = 20 y = 0
DEBUG:root:refresh_grid ===> x = 20 y = 10
DEBUG:root:refresh_grid ===> x = 0 y = 0
DEBUG:root:refresh_grid ===> x = 0 y = 10
DEBUG:root:refresh_grid ===> x = 10 y = 0
DEBUG:root:refresh_grid ===> x = 10 y = 10
DEBUG:root:refresh_grid ===> x = 20 y = 0
DEBUG:root:refresh_grid ===> x = 20 y = 10
DEBUG:root:refresh_grid ===> x = 0 y = 0
DEBUG:root:refresh_grid ===> x = 0 y = 10
DEBUG:root:refresh_grid ===> x = 10 y = 0
DEBUG:root:refresh_grid ===> x = 10 y = 10
DEBUG:root:refresh_grid ===> x = 20 y = 0
DEBUG:root:refresh_grid ===> x = 20 y = 10
DEBUG:root:refresh_grid ===> x = 0 y = 0
DEBUG:root:refresh_grid ===> x = 0 y = 10
DEBUG:root:refresh_grid ===> x = 10 y = 0
DEBUG:root:refresh_grid ===> x = 10 y = 10
DEBUG:root:refresh_grid ===> x = 20 y = 0
DEBUG:root:refresh_grid ===> x = 20 y = 10
DEBUG:root:refresh_grid ===> x = 0 y = 0
DEBUG:root:refresh_grid ===> x = 0 y = 10
DEBUG:root:refresh_grid ===> x = 10 y = 0
DEBUG:root:refresh_grid ===> x = 10 y = 10
DEBUG:root:refresh_grid ===> x = 20 y = 0
DEBUG:root:refresh_grid ===> x = 20 y = 10
DEBUG:root:refresh_grid ===> x = 0 y = 0
DEBUG:root:refresh_grid ===> x = 0 y = 10
DEBUG:root:refresh_grid ===> x = 10 y = 0
DEBUG:root:refresh_grid ===> x = 10 y = 10
DEBUG:root:refresh_grid ===> x = 20 y = 0
DEBUG:root:refresh_grid ===> x = 20 y = 10
DEBUG:root:refresh_grid ===> x = 0 y = 0
DEBUG:root:refresh_grid ===> x = 0 y = 10
DEBUG:root:refresh_grid ===> x = 10 y = 0
DEBUG:root:refresh_grid ===> x = 10 y = 10
DEBUG:root:refresh_grid ===> x = 20 y = 0
DEBUG:root:refresh_grid ===> x = 20 y = 10
DEBUG:root:refresh_grid ===> x = 0 y = 0
DEBUG:root:refresh_grid ===> x = 0 y = 10
DEBUG:root:refresh_grid ===> x = 10 y = 0
DEBUG:root:refresh_grid ===> x = 10 y = 10
DEBUG:root:refresh_grid ===> x = 20 y = 0
DEBUG:root:refresh_grid ===> x = 20 y = 10
DEBUG:root:refresh_grid ===> x = 0 y = 0
DEBUG:root:refresh_grid ===> x = 0 y = 10
DEBUG:root:refresh_grid ===> x = 10 y = 0
DEBUG:root:refresh_grid ===> x = 10 y = 10
DEBUG:root:refresh_grid ===> x = 20 y = 0
DEBUG:root:refresh_grid ===> x = 20 y = 10
DEBUG:root:refresh_grid ===> x = 0 y = 0
DEBUG:root:refresh_grid ===> x = 0 y = 10
DEBUG:root:refresh_grid ===> x = 10 y = 0
DEBUG:root:refresh_grid ===> x = 10 y = 10
DEBUG:root:refresh_grid ===> x = 20 y = 0
DEBUG:root:refresh_grid ===> x = 20 y = 10
DEBUG:root:refresh_grid ===> x = 0 y = 0
DEBUG:root:refresh_grid ===> x = 0 y = 10
DEBUG:root:refresh_grid ===> x = 10 y = 0
DEBUG:root:refresh_grid ===> x = 10 y = 10
DEBUG:root:refresh_grid ===> x = 20 y = 0
DEBUG:root:refresh_grid ===> x = 20 y = 10
DEBUG:root:refresh_grid ===> x = 0 y = 0
DEBUG:root:refresh_grid ===> x = 0 y = 10
DEBUG:root:refresh_grid ===> x = 10 y = 0
DEBUG:root:refresh_grid ===> x = 10 y = 10
DEBUG:root:refresh_grid ===> x = 20 y = 0
DEBUG:root:refresh_grid ===> x = 20 y = 10
DEBUG:root:refresh_grid ===> x = 0 y = 0
DEBUG:root:refresh_grid ===> x = 0 y = 10
DEBUG:root:refresh_grid ===> x = 10 y = 0
DEBUG:root:refresh_grid ===> x = 10 y = 10
DEBUG:root:refresh_grid ===> x = 20 y = 0
DEBUG:root:refresh_grid ===> x = 20 y = 10
DEBUG:root:refresh_grid ===> x = 0 y = 0
DEBUG:root:refresh_grid ===> x = 0 y = 10
DEBUG:root:refresh_grid ===> x = 10 y = 0
DEBUG:root:refresh_grid ===> x = 10 y = 10
DEBUG:root:refresh_grid ===> x = 20 y = 0
DEBUG:root:refresh_grid ===> x = 20 y = 10
DEBUG:root:refresh_grid ===> x = 0 y = 0
DEBUG:root:refresh_grid ===> x = 0 y = 10
DEBUG:root:refresh_grid ===> x = 10 y = 0
DEBUG:root:refresh_grid ===> x = 10 y = 10
DEBUG:root:refresh_grid ===> x = 20 y = 0
DEBUG:root:refresh_grid ===> x = 20 y = 10
DEBUG:root:refresh_grid ===> x = 0 y = 0
DEBUG:root:refresh_grid ===> x = 0 y = 10
DEBUG:root:refresh_grid ===> x = 10 y = 0
DEBUG:root:refresh_grid ===> x = 10 y = 10
DEBUG:root:refresh_grid ===> x = 20 y = 0
DEBUG:root:refresh_grid ===> x = 20 y = 10
DEBUG:root:refresh_grid ===> x = 0 y = 0
DEBUG:root:refresh_grid ===> x = 0 y = 10
DEBUG:root:refresh_grid ===> x = 10 y = 0
DEBUG:root:refresh_grid ===> x = 10 y = 10
DEBUG:root:refresh_grid ===> x = 20 y = 0
DEBUG:root:refresh_grid ===> x = 20 y = 10
DEBUG:root:refresh_grid ===> x = 0 y = 0
DEBUG:root:refresh_grid ===> x = 0 y = 10
DEBUG:root:refresh_grid ===> x = 10 y = 0
DEBUG:root:refresh_grid ===> x = 10 y = 10
DEBUG:root:refresh_grid ===> x = 20 y = 0
DEBUG:root:refresh_grid ===> x = 20 y = 10
DEBUG:root:refresh_grid ===> x = 0 y = 0
DEBUG:root:refresh_grid ===> x = 0 y = 10
DEBUG:root:refresh_grid ===> x = 10 y = 0
DEBUG:root:refresh_grid ===> x = 10 y = 10
DEBUG:root:refresh_grid ===> x = 20 y = 0
DEBUG:root:refresh_grid ===> x = 20 y = 10
DEBUG:root:refresh_grid ===> x = 0 y = 0
DEBUG:root:refresh_grid ===> x = 0 y = 10
DEBUG:root:refresh_grid ===> x = 10 y = 0
DEBUG:root:refresh_grid ===> x = 10 y = 10
DEBUG:root:refresh_grid ===> x = 20 y = 0
DEBUG:root:refresh_grid ===> x = 20 y = 10
DEBUG:root:refresh_grid ===> x = 0 y = 0
DEBUG:root:refresh_grid ===> x = 0 y = 10
DEBUG:root:refresh_grid ===> x = 10 y = 0
DEBUG:root:refresh_grid ===> x = 10 y = 10
DEBUG:root:refresh_grid ===> x = 20 y = 0
DEBUG:root:refresh_grid ===> x = 20 y = 10
DEBUG:root:refresh_grid ===> x = 0 y = 0
DEBUG:root:refresh_grid ===> x = 0 y = 10
DEBUG:root:refresh_grid ===> x = 10 y = 0
DEBUG:root:refresh_grid ===> x = 10 y = 10
DEBUG:root:refresh_grid ===> x = 20 y = 0
DEBUG:root:refresh_grid ===> x = 20 y = 10
DEBUG:root:refresh_grid ===> x = 0 y = 0
DEBUG:root:refresh_grid ===> x = 0 y = 10
DEBUG:root:refresh_grid ===> x = 10 y = 0
DEBUG:root:refresh_grid ===> x = 10 y = 10
DEBUG:root:refresh_grid ===> x = 20 y = 0
DEBUG:root:refresh_grid ===> x = 20 y = 10
DEBUG:root:refresh_grid ===> x = 0 y = 0
DEBUG:root:refresh_grid ===> x = 0 y = 10
DEBUG:root:refresh_grid ===> x = 10 y = 0
DEBUG:root:refresh_grid ===> x = 10 y = 10
DEBUG:root:refresh_grid ===> x = 20 y = 0
DEBUG:root:refresh_grid ===> x = 20 y = 10
DEBUG:root:refresh_grid ===> x = 0 y = 0
DEBUG:root:refresh_grid ===> x = 0 y = 10
DEBUG:root:refresh_grid ===> x = 10 y = 0
DEBUG:root:refresh_grid ===> x = 10 y = 10
DEBUG:root:refresh_grid ===> x = 20 y = 0
DEBUG:root:refresh_grid ===> x = 20 y = 10
DEBUG:root:refresh_grid ===> x = 0 y = 0
DEBUG:root:refresh_grid ===> x = 0 y = 10
DEBUG:root:refresh_grid ===> x = 10 y = 0
DEBUG:root:refresh_grid ===> x = 10 y = 10
DEBUG:root:refresh_grid ===> x = 20 y = 0
DEBUG:root:refresh_grid ===> x = 20 y = 10
DEBUG:root:refresh_grid ===> x = 0 y = 0
DEBUG:root:refresh_grid ===> x = 0 y = 10
DEBUG:root:refresh_grid ===> x = 10 y = 0
DEBUG:root:refresh_grid ===> x = 10 y = 10
DEBUG:root:refresh_grid ===> x = 20 y = 0
DEBUG:root:refresh_grid ===> x = 20 y = 10
DEBUG:root:refresh_grid ===> x = 0 y = 0
DEBUG:root:refresh_grid ===> x = 0 y = 10
DEBUG:root:refresh_grid ===> x = 10 y = 0
DEBUG:root:refresh_grid ===> x = 10 y = 10
DEBUG:root:refresh_grid ===> x = 20 y = 0
DEBUG:root:refresh_grid ===> x = 20 y = 10
DEBUG:root:refresh_grid ===> x = 0 y = 0
DEBUG:root:refresh_grid ===> x = 0 y = 10
DEBUG:root:refresh_grid ===> x = 10 y = 0
DEBUG:root:refresh_grid ===> x = 10 y = 10
DEBUG:root:refresh_grid ===> x = 20 y = 0
DEBUG:root:refresh_grid ===> x = 20 y = 10
DEBUG:root:refresh_grid ===> x = 0 y = 0
DEBUG:root:refresh_grid ===> x = 0 y = 10
DEBUG:root:refresh_grid ===> x = 10 y = 0
DEBUG:root:refresh_grid ===> x = 10 y = 10
DEBUG:root:refresh_grid ===> x = 20 y = 0
DEBUG:root:refresh_grid ===> x = 20 y = 10
DEBUG:root:refresh_grid ===> x = 0 y = 0
DEBUG:root:refresh_grid ===> x = 0 y = 10
DEBUG:root:refresh_grid ===> x = 10 y = 0
DEBUG:root:refresh_grid ===> x = 10 y = 10
DEBUG:root:refresh_grid ===> x = 20 y = 0
DEBUG:root:refresh_grid ===> x = 20 y = 10
DEBUG:root:refresh_grid ===> x = 0 y = 0
DEBUG:root:refresh_grid ===> x = 0 y = 10
DEBUG:root:refresh_grid ===> x = 10 y = 0
DEBUG:root:refresh_grid ===> x = 10 y = 10
DEBUG:root:refresh_grid ===> x = 20 y = 0
DEBUG:root:refresh_grid ===> x = 20 y = 10
DEBUG:root:refresh_grid ===> x = 0 y = 0
DEBUG:root:refresh_grid ===> x = 0 y = 10
DEBUG:root:refresh_grid ===> x = 10 y = 0
DEBUG:root:refresh_grid ===> x = 10 y = 10
DEBUG:root:refresh_grid ===> x = 20 y = 0
DEBUG:root:refresh_grid ===> x = 20 y = 10
DEBUG:root:refresh_grid ===> x = 0 y = 0
DEBUG:root:refresh_grid ===> x = 0 y = 10
DEBUG:root:refresh_grid ===> x = 10 y = 0
DEBUG:root:refresh_grid ===> x = 10 y = 10
DEBUG:root:refresh_grid ===> x = 20 y = 0
DEBUG:root:refresh_grid ===> x = 20 y = 10
DEBUG:root:refresh_grid ===> x = 0 y = 0
DEBUG:root:refresh_grid ===> x = 0 y = 10
DEBUG:root:refresh_grid ===> x = 10 y = 0
DEBUG:root:refresh_grid ===> x = 10 y = 10
DEBUG:root:refresh_grid ===> x = 20 y = 0
DEBUG:root:refresh_grid ===> x = 20 y = 10
DEBUG:root:refresh_grid ===> x = 0 y = 0
DEBUG:root:refresh_grid ===> x = 0 y = 10
DEBUG:root:refresh_grid ===> x = 10 y = 0
DEBUG:root:refresh_grid ===> x = 10 y = 10
DEBUG:root:refresh_grid ===> x = 20 y = 0
DEBUG:root:refresh_grid ===> x = 20 y = 10
DEBUG:root:refresh_grid ===> x = 0 y = 0
DEBUG:root:refresh_grid ===> x = 0 y = 10
DEBUG:root:refresh_grid ===> x = 10 y = 0
DEBUG:root:refresh_grid ===> x = 10 y = 10
DEBUG:root:refresh_grid ===> x = 20 y = 0
DEBUG:root:refresh_grid ===> x = 20 y = 10
DEBUG:root:refresh_grid ===> x = 0 y = 0
DEBUG:root:refresh_grid ===> x = 0 y = 10
DEBUG:root:refresh_grid ===> x = 10 y = 0
DEBUG:root:refresh_grid ===> x = 10 y = 10
DEBUG:root:refresh_grid ===> x = 20 y = 0
DEBUG:root:refresh_grid ===> x = 20 y = 10
DEBUG:root:refresh_grid ===> x = 0 y = 0
DEBUG:root:refresh_grid ===> x = 0 y = 10
DEBUG:root:refresh_grid ===> x = 10 y = 0
DEBUG:root:refresh_grid ===> x = 10 y = 10
DEBUG:root:refresh_grid ===> x = 20 y = 0
DEBUG:root:refresh_grid ===> x = 20 y = 10
DEBUG:root:refresh_grid ===> x = 0 y = 0
DEBUG:root:refresh_grid ===> x = 0 y = 10
DEBUG:root:refresh_grid ===> x = 10 y = 0
DEBUG:root:refresh_grid ===> x = 10 y = 10
DEBUG:root:refresh_grid ===> x = 20 y = 0
DEBUG:root:refresh_grid ===> x = 20 y = 10
DEBUG:root:refresh_grid ===> x = 0 y = 0
DEBUG:root:refresh_grid ===> x = 0 y = 10
DEBUG:root:refresh_grid ===> x = 10 y = 0
DEBUG:root:refresh_grid ===> x = 10 y = 10
DEBUG:root:refresh_grid ===> x = 20 y = 0
DEBUG:root:refresh_grid ===> x = 20 y = 10
DEBUG:root:refresh_grid ===> x = 0 y = 0
DEBUG:root:refresh_grid ===> x = 0 y = 10
DEBUG:root:refresh_grid ===> x = 10 y = 0
DEBUG:root:refresh_grid ===> x = 10 y = 10
DEBUG:root:refresh_grid ===> x = 20 y = 0
DEBUG:root:refresh_grid ===> x = 20 y = 10
DEBUG:root:refresh_grid ===> x = 0 y = 0
DEBUG:root:refresh_grid ===> x = 0 y = 10
DEBUG:root:refresh_grid ===> x = 10 y = 0
DEBUG:root:refresh_grid ===> x = 10 y = 10
DEBUG:root:refresh_grid ===> x = 20 y = 0
DEBUG:root:refresh_grid ===> x = 20 y = 10
DEBUG:root:refresh_grid ===> x = 0 y = 0
DEBUG:root:refresh_grid ===> x = 0 y = 10
DEBUG:root:refresh_grid ===> x = 10 y = 0
DEBUG:root:refresh_grid ===> x = 10 y = 10
DEBUG:root:refresh_grid ===> x = 20 y = 0
DEBUG:root:refresh_grid ===> x = 20 y = 10
DEBUG:root:refresh_grid ===> x = 0 y = 0
DEBUG:root:refresh_grid ===> x = 0 y = 10
DEBUG:root:refresh_grid ===> x = 10 y = 0
DEBUG:root:refresh_grid ===> x = 10 y = 10
DEBUG:root:refresh_grid ===> x = 20 y = 0
DEBUG:root:refresh_grid ===> x = 20 y = 10
DEBUG:root:refresh_grid ===> x = 0 y = 0
DEBUG:root:refresh_grid ===> x = 0 y = 10
DEBUG:root:refresh_grid ===> x = 10 y = 0
DEBUG:root:refresh_grid ===> x = 10 y = 10
DEBUG:root:refresh_grid ===> x = 20 y = 0
DEBUG:root:refresh_grid ===> x = 20 y = 10
DEBUG:root:refresh_grid ===> x = 0 y = 0
DEBUG:root:refresh_grid ===> x = 0 y = 10
DEBUG:root:refresh_grid ===> x = 10 y = 0
DEBUG:root:refresh_grid ===> x = 10 y = 10
DEBUG:root:refresh_grid ===> x = 20 y = 0
DEBUG:root:refresh_grid ===> x = 20 y = 10
DEBUG:root:refresh_grid ===> x = 0 y = 0
DEBUG:root:refresh_grid ===> x = 0 y = 10
DEBUG:root:refresh_grid ===> x = 10 y = 0
DEBUG:root:refresh_grid ===> x = 10 y = 10
DEBUG:root:refresh_grid ===> x = 20 y = 0
DEBUG:root:refresh_grid ===> x = 20 y = 10
DEBUG:root:refresh_grid ===> x = 0 y = 0
DEBUG:root:refresh_grid ===> x = 0 y = 10
DEBUG:root:refresh_grid ===> x = 10 y = 0
DEBUG:root:refresh_grid ===> x = 10 y = 10
DEBUG:root:refresh_grid ===> x = 20 y = 0
DEBUG:root:refresh_grid ===> x = 20 y = 10
DEBUG:root:refresh_grid ===> x = 0 y = 0
DEBUG:root:refresh_grid ===> x = 0 y = 10
DEBUG:root:refresh_grid ===> x = 10 y = 0
DEBUG:root:refresh_grid ===> x = 10 y = 10
DEBUG:root:refresh_grid ===> x = 20 y = 0
DEBUG:root:refresh_grid ===> x = 20 y = 10
DEBUG:root:refresh_grid ===> x = 0 y = 0
DEBUG:root:refresh_grid ===> x = 0 y = 10
DEBUG:root:refresh_grid ===> x = 10 y = 0
DEBUG:root:refresh_grid ===> x = 10 y = 10
DEBUG:root:refresh_grid ===> x = 20 y = 0
DEBUG:root:refresh_grid ===> x = 20 y = 10
DEBUG:root:refresh_grid ===> x = 0 y = 0
DEBUG:root:refresh_grid ===> x = 0 y = 10
DEBUG:root:refresh_grid ===> x = 10 y = 0
DEBUG:root:refresh_grid ===> x = 10 y = 10
DEBUG:root:refresh_grid ===> x = 20 y = 0
DEBUG:root:refresh_grid ===> x = 20 y = 10
DEBUG:root:refresh_grid ===> x = 0 y = 0
DEBUG:root:refresh_grid ===> x = 0 y = 10
DEBUG:root:refresh_grid ===> x = 10 y = 0
DEBUG:root:refresh_grid ===> x = 10 y = 10
DEBUG:root:refresh_grid ===> x = 20 y = 0
DEBUG:root:refresh_grid ===> x = 20 y = 10
DEBUG:root:refresh_grid ===> x = 0 y = 0
DEBUG:root:refresh_grid ===> x = 0 y = 10
DEBUG:root:refresh_grid ===> x = 10 y = 0
DEBUG:root:refresh_grid ===> x = 10 y = 10
DEBUG:root:refresh_grid ===> x = 20 y = 0
DEBUG:root:refresh_grid ===> x = 20 y = 10
DEBUG:root:refresh_grid ===> x = 0 y = 0
DEBUG:root:refresh_grid ===> x = 0 y = 10
DEBUG:root:refresh_grid ===> x = 10 y = 0
DEBUG:root:refresh_grid ===> x = 10 y = 10
DEBUG:root:refresh_grid ===> x = 20 y = 0
DEBUG:root:refresh_grid ===> x = 20 y = 10
DEBUG:root:refresh_grid ===> x = 0 y = 0
DEBUG:root:refresh_grid ===> x = 0 y = 10
DEBUG:root:refresh_grid ===> x = 10 y = 0
DEBUG:root:refresh_grid ===> x = 10 y = 10
DEBUG:root:refresh_grid ===> x = 20 y = 0
DEBUG:root:refresh_grid ===> x = 20 y = 10
DEBUG:root:refresh_grid ===> x = 0 y = 0
DEBUG:root:refresh_grid ===> x = 0 y = 10
DEBUG:root:refresh_grid ===> x = 10 y = 0
DEBUG:root:refresh_grid ===> x = 10 y = 10
DEBUG:root:refresh_grid ===> x = 20 y = 0
DEBUG:root:refresh_grid ===> x = 20 y = 10
DEBUG:root:refresh_grid ===> x = 0 y = 0
DEBUG:root:refresh_grid ===> x = 0 y = 10
DEBUG:root:refresh_grid ===> x = 10 y = 0
DEBUG:root:refresh_grid ===> x = 10 y = 10
DEBUG:root:refresh_grid ===> x = 20 y = 0
DEBUG:root:refresh_grid ===> x = 20 y = 10
DEBUG:root:refresh_grid ===> x = 0 y = 0
DEBUG:root:refresh_grid ===> x = 0 y = 10
DEBUG:root:refresh_grid ===> x = 10 y = 0
DEBUG:root:refresh_grid ===> x = 10 y = 10
DEBUG:root:refresh_grid ===> x = 20 y = 0
DEBUG:root:refresh_grid ===> x = 20 y = 10
DEBUG:root:refresh_grid ===> x = 0 y = 0
DEBUG:root:refresh_grid ===> x = 0 y = 10
DEBUG:root:refresh_grid ===> x = 10 y = 0
DEBUG:root:refresh_grid ===> x = 10 y = 10
DEBUG:root:refresh_grid ===> x = 20 y = 0
DEBUG:root:refresh_grid ===> x = 20 y = 10
DEBUG:root:refresh_grid ===> x = 0 y = 0
DEBUG:root:refresh_grid ===> x = 0 y = 10
DEBUG:root:refresh_grid ===> x = 10 y = 0
DEBUG:root:refresh_grid ===> x = 10 y = 10
DEBUG:root:refresh_grid ===> x = 20 y = 0
DEBUG:root:refresh_grid ===> x = 20 y = 10
DEBUG:root:refresh_grid ===> x = 0 y = 0
DEBUG:root:refresh_grid ===> x = 0 y = 10
DEBUG:root:refresh_grid ===> x = 10 y = 0
DEBUG:root:refresh_grid ===> x = 10 y = 10
DEBUG:root:refresh_grid ===> x = 20 y = 0
DEBUG:root:refresh_grid ===> x = 20 y = 10
DEBUG:root:refresh_grid ===> x = 0 y = 0
DEBUG:root:refresh_grid ===> x = 0 y = 10
DEBUG:root:refresh_grid ===> x = 10 y = 0
DEBUG:root:refresh_grid ===> x = 10 y = 10
DEBUG:root:refresh_grid ===> x = 20 y = 0
DEBUG:root:refresh_grid ===> x = 20 y = 10
DEBUG:root:refresh_grid ===> x = 0 y = 0
DEBUG:root:refresh_grid ===> x = 0 y = 10
DEBUG:root:refresh_grid ===> x = 10 y = 0
DEBUG:root:refresh_grid ===> x = 10 y = 10
DEBUG:root:refresh_grid ===> x = 20 y = 0
DEBUG:root:refresh_grid ===> x = 20 y = 10
DEBUG:root:refresh_grid ===> x = 0 y = 0
DEBUG:root:refresh_grid ===> x = 0 y = 10
DEBUG:root:refresh_grid ===> x = 10 y = 0
DEBUG:root:refresh_grid ===> x = 10 y = 10
DEBUG:root:refresh_grid ===> x = 20 y = 0
DEBUG:root:refresh_grid ===> x = 20 y = 10
DEBUG:root:refresh_grid ===> x = 0 y = 0
DEBUG:root:refresh_grid ===> x = 0 y = 10
DEBUG:root:refresh_grid ===> x = 10 y = 0
DEBUG:root:refresh_grid ===> x = 10 y = 10
DEBUG:root:refresh_grid ===> x = 20 y = 0
DEBUG:root:refresh_grid ===> x = 20 y = 10
DEBUG:root:refresh_grid ===> x = 0 y = 0
DEBUG:root:refresh_grid ===> x = 0 y = 10
DEBUG:root:refresh_grid ===> x = 10 y = 0
DEBUG:root:refresh_grid ===> x = 10 y = 10
DEBUG:root:refresh_grid ===> x = 20 y = 0
DEBUG:root:refresh_grid ===> x = 20 y = 10
DEBUG:root:refresh_grid ===> x = 0 y = 0
DEBUG:root:refresh_grid ===> x = 0 y = 10
DEBUG:root:refresh_grid ===> x = 10 y = 0
DEBUG:root:refresh_grid ===> x = 10 y = 10
DEBUG:root:refresh_grid ===> x = 20 y = 0
DEBUG:root:refresh_grid ===> x = 20 y = 10
DEBUG:root:refresh_grid ===> x = 0 y = 0
DEBUG:root:refresh_grid ===> x = 0 y = 10
DEBUG:root:refresh_grid ===> x = 10 y = 0
DEBUG:root:refresh_grid ===> x = 10 y = 10
DEBUG:root:refresh_grid ===> x = 20 y = 0
DEBUG:root:refresh_grid ===> x = 20 y = 10
DEBUG:root:refresh_grid ===> x = 0 y = 0
DEBUG:root:refresh_grid ===> x = 0 y = 10
DEBUG:root:refresh_grid ===> x = 10 y = 0
DEBUG:root:refresh_grid ===> x = 10 y = 10
DEBUG:root:refresh_grid ===> x = 20 y = 0
DEBUG:root:refresh_grid ===> x = 20 y = 10
DEBUG:root:refresh_grid ===> x = 0 y = 0
DEBUG:root:refresh_grid ===> x = 0 y = 10
DEBUG:root:refresh_grid ===> x = 10 y = 0
DEBUG:root:refresh_grid ===> x = 10 y = 10
DEBUG:root:refresh_grid ===> x = 20 y = 0
DEBUG:root:refresh_grid ===> x = 20 y = 10
DEBUG:root:refresh_grid ===> x = 0 y = 0
DEBUG:root:refresh_grid ===> x = 0 y = 10
DEBUG:root:refresh_grid ===> x = 10 y = 0
DEBUG:root:refresh_grid ===> x = 10 y = 10
DEBUG:root:refresh_grid ===> x = 20 y = 0
DEBUG:root:refresh_grid ===> x = 20 y = 10
DEBUG:root:refresh_grid ===> x = 0 y = 0
DEBUG:root:refresh_grid ===> x = 0 y = 10
DEBUG:root:refresh_grid ===> x = 10 y = 0
DEBUG:root:refresh_grid ===> x = 10 y = 10
DEBUG:root:refresh_grid ===> x = 20 y = 0
DEBUG:root:refresh_grid ===> x = 20 y = 10
DEBUG:root:refresh_grid ===> x = 0 y = 0
DEBUG:root:refresh_grid ===> x = 0 y = 10
DEBUG:root:refresh_grid ===> x = 10 y = 0
DEBUG:root:refresh_grid ===> x = 10 y = 10
DEBUG:root:refresh_grid ===> x = 20 y = 0
DEBUG:root:refresh_grid ===> x = 20 y = 10
DEBUG:root:refresh_grid ===> x = 0 y = 0
DEBUG:root:refresh_grid ===> x = 0 y = 10
DEBUG:root:refresh_grid ===> x = 10 y = 0
DEBUG:root:refresh_grid ===> x = 10 y = 10
DEBUG:root:refresh_grid ===> x = 20 y = 0
DEBUG:root:refresh_grid ===> x = 20 y = 10
DEBUG:root:refresh_grid ===> x = 0 y = 0
DEBUG:root:refresh_grid ===> x = 0 y = 10
DEBUG:root:refresh_grid ===> x = 10 y = 0
DEBUG:root:refresh_grid ===> x = 10 y = 10
DEBUG:root:refresh_grid ===> x = 20 y = 0
DEBUG:root:refresh_grid ===> x = 20 y = 10
DEBUG:root:refresh_grid ===> x = 0 y = 0
DEBUG:root:refresh_grid ===> x = 0 y = 10
DEBUG:root:refresh_grid ===> x = 10 y = 0
DEBUG:root:refresh_grid ===> x = 10 y = 10
DEBUG:root:refresh_grid ===> x = 20 y = 0
DEBUG:root:refresh_grid ===> x = 20 y = 10
DEBUG:root:refresh_grid ===> x = 0 y = 0
DEBUG:root:refresh_grid ===> x = 0 y = 10
DEBUG:root:refresh_grid ===> x = 10 y = 0
DEBUG:root:refresh_grid ===> x = 10 y = 10
DEBUG:root:refresh_grid ===> x = 20 y = 0
DEBUG:root:refresh_grid ===> x = 20 y = 10
DEBUG:root:refresh_grid ===> x = 0 y = 0
DEBUG:root:refresh_grid ===> x = 0 y = 10
DEBUG:root:refresh_grid ===> x = 10 y = 0
DEBUG:root:refresh_grid ===> x = 10 y = 10
DEBUG:root:refresh_grid ===> x = 20 y = 0
DEBUG:root:refresh_grid ===> x = 20 y = 10
DEBUG:root:refresh_grid ===> x = 0 y = 0
DEBUG:root:refresh_grid ===> x = 0 y = 10
DEBUG:root:refresh_grid ===> x = 10 y = 0
DEBUG:root:refresh_grid ===> x = 10 y = 10
DEBUG:root:refresh_grid ===> x = 20 y = 0
DEBUG:root:refresh_grid ===> x = 20 y = 10
DEBUG:root:refresh_grid ===> x = 0 y = 0
DEBUG:root:refresh_grid ===> x = 0 y = 10
DEBUG:root:refresh_grid ===> x = 10 y = 0
DEBUG:root:refresh_grid ===> x = 10 y = 10
DEBUG:root:refresh_grid ===> x = 20 y = 0
DEBUG:root:refresh_grid ===> x = 20 y = 10
DEBUG:root:refresh_grid ===> x = 0 y = 0
DEBUG:root:refresh_grid ===> x = 0 y = 10
DEBUG:root:refresh_grid ===> x = 10 y = 0
DEBUG:root:refresh_grid ===> x = 10 y = 10
DEBUG:root:refresh_grid ===> x = 20 y = 0
DEBUG:root:refresh_grid ===> x = 20 y = 10
DEBUG:root:refresh_grid ===> x = 0 y = 0
DEBUG:root:refresh_grid ===> x = 0 y = 10
DEBUG:root:refresh_grid ===> x = 10 y = 0
DEBUG:root:refresh_grid ===> x = 10 y = 10
DEBUG:root:refresh_grid ===> x = 20 y = 0
DEBUG:root:refresh_grid ===> x = 20 y = 10
DEBUG:root:refresh_grid ===> x = 0 y = 0
DEBUG:root:refresh_grid ===> x = 0 y = 10
DEBUG:root:refresh_grid ===> x = 10 y = 0
DEBUG:root:refresh_grid ===> x = 10 y = 10
DEBUG:root:refresh_grid ===> x = 20 y = 0
DEBUG:root:refresh_grid ===> x = 20 y = 10
DEBUG:root:refresh_grid ===> x = 0 y = 0
DEBUG:root:refresh_grid ===> x = 0 y = 10
DEBUG:root:refresh_grid ===> x = 10 y = 0
DEBUG:root:refresh_grid ===> x = 10 y = 10
DEBUG:root:refresh_grid ===> x = 20 y = 0
DEBUG:root:refresh_grid ===> x = 20 y = 10
DEBUG:root:refresh_grid ===> x = 0 y = 0
DEBUG:root:refresh_grid ===> x = 0 y = 10
DEBUG:root:refresh_grid ===> x = 10 y = 0
DEBUG:root:refresh_grid ===> x = 10 y = 10
DEBUG:root:refresh_grid ===> x = 20 y = 0
DEBUG:root:refresh_grid ===> x = 20 y = 10
DEBUG:root:refresh_grid ===> x = 0 y = 0
DEBUG:root:refresh_grid ===> x = 0 y = 10
DEBUG:root:refresh_grid ===> x = 10 y = 0
DEBUG:root:refresh_grid ===> x = 10 y = 10
DEBUG:root:refresh_grid ===> x = 20 y = 0
DEBUG:root:refresh_grid ===> x = 20 y = 10
DEBUG:root:refresh_grid ===> x = 0 y = 0
DEBUG:root:refresh_grid ===> x = 0 y = 10
DEBUG:root:refresh_grid ===> x = 10 y = 0
DEBUG:root:refresh_grid ===> x = 10 y = 10
DEBUG:root:refresh_grid ===> x = 20 y = 0
DEBUG:root:refresh_grid ===> x = 20 y = 10
DEBUG:root:refresh_grid ===> x = 0 y = 0
DEBUG:root:refresh_grid ===> x = 0 y = 10
DEBUG:root:refresh_grid ===> x = 10 y = 0
DEBUG:root:refresh_grid ===> x = 10 y = 10
DEBUG:root:refresh_grid ===> x = 20 y = 0
DEBUG:root:refresh_grid ===> x = 20 y = 10
DEBUG:root:refresh_grid ===> x = 0 y = 0
DEBUG:root:refresh_grid ===> x = 0 y = 10
DEBUG:root:refresh_grid ===> x = 10 y = 0
DEBUG:root:refresh_grid ===> x = 10 y = 10
DEBUG:root:refresh_grid ===> x = 20 y = 0
DEBUG:root:refresh_grid ===> x = 20 y = 10
DEBUG:root:refresh_grid ===> x = 0 y = 0
DEBUG:root:refresh_grid ===> x = 0 y = 10
DEBUG:root:refresh_grid ===> x = 10 y = 0
DEBUG:root:refresh_grid ===> x = 10 y = 10
DEBUG:root:refresh_grid ===> x = 20 y = 0
DEBUG:root:refresh_grid ===> x = 20 y = 10
DEBUG:root:refresh_grid ===> x = 0 y = 0
DEBUG:root:refresh_grid ===> x = 0 y = 10
DEBUG:root:refresh_grid ===> x = 10 y = 0
DEBUG:root:refresh_grid ===> x = 10 y = 10
DEBUG:root:refresh_grid ===> x = 20 y = 0
DEBUG:root:refresh_grid ===> x = 20 y = 10
DEBUG:root:refresh_grid ===> x = 0 y = 0
DEBUG:root:refresh_grid ===> x = 0 y = 10
DEBUG:root:refresh_grid ===> x = 10 y = 0
DEBUG:root:refresh_grid ===> x = 10 y = 10
DEBUG:root:refresh_grid ===> x = 20 y = 0
DEBUG:root:refresh_grid ===> x = 20 y = 10
DEBUG:root:refresh_grid ===> x = 0 y = 0
DEBUG:root:refresh_grid ===> x = 0 y = 10
DEBUG:root:refresh_grid ===> x = 10 y = 0
DEBUG:root:refresh_grid ===> x = 10 y = 10
DEBUG:root:refresh_grid ===> x = 20 y = 0
DEBUG:root:refresh_grid ===> x = 20 y = 10
DEBUG:root:refresh_grid ===> x = 0 y = 0
DEBUG:root:refresh_grid ===> x = 0 y = 10
DEBUG:root:refresh_grid ===> x = 10 y = 0
DEBUG:root:refresh_grid ===> x = 10 y = 10
DEBUG:root:refresh_grid ===> x = 20 y = 0
DEBUG:root:refresh_grid ===> x = 20 y = 10
DEBUG:root:refresh_grid ===> x = 0 y = 0
DEBUG:root:refresh_grid ===> x = 0 y = 10
DEBUG:root:refresh_grid ===> x = 10 y = 0
DEBUG:root:refresh_grid ===> x = 10 y = 10
DEBUG:root:refresh_grid ===> x = 20 y = 0
DEBUG:root:refresh_grid ===> x = 20 y = 10
DEBUG:root:refresh_grid ===> x = 0 y = 0
DEBUG:root:refresh_grid ===> x = 0 y = 10
DEBUG:root:refresh_grid ===> x = 10 y = 0
DEBUG:root:refresh_grid ===> x = 10 y = 10
DEBUG:root:refresh_grid ===> x = 20 y = 0
DEBUG:root:refresh_grid ===> x = 20 y = 10
DEBUG:root:refresh_grid ===> x = 0 y = 0
DEBUG:root:refresh_grid ===> x = 0 y = 10
DEBUG:root:refresh_grid ===> x = 10 y = 0
DEBUG:root:refresh_grid ===> x = 10 y = 10
DEBUG:root:refresh_grid ===> x = 20 y = 0
DEBUG:root:refresh_grid ===> x = 20 y = 10
DEBUG:root:refresh_grid ===> x = 0 y = 0
DEBUG:root:refresh_grid ===> x = 0 y = 10
DEBUG:root:refresh_grid ===> x = 10 y = 0
DEBUG:root:refresh_grid ===> x = 10 y = 10
DEBUG:root:refresh_grid ===> x = 20 y = 0
DEBUG:root:refresh_grid ===> x = 20 y = 10
DEBUG:root:refresh_grid ===> x = 0 y = 0
DEBUG:root:refresh_grid ===> x = 0 y = 10
DEBUG:root:refresh_grid ===> x = 10 y = 0
DEBUG:root:refresh_grid ===> x = 10 y = 10
DEBUG:root:refresh_grid ===> x = 20 y = 0
DEBUG:root:refresh_grid ===> x = 20 y = 10
DEBUG:root:refresh_grid ===> x = 0 y = 0
DEBUG:root:refresh_grid ===> x = 0 y = 10
DEBUG:root:refresh_grid ===> x = 10 y = 0
DEBUG:root:refresh_grid ===> x = 10 y = 10
DEBUG:root:refresh_grid ===> x = 20 y = 0
DEBUG:root:refresh_grid ===> x = 20 y = 10
DEBUG:root:refresh_grid ===> x = 0 y = 0
DEBUG:root:refresh_grid ===> x = 0 y = 10
DEBUG:root:refresh_grid ===> x = 10 y = 0
DEBUG:root:refresh_grid ===> x = 10 y = 10
DEBUG:root:refresh_grid ===> x = 20 y = 0
DEBUG:root:refresh_grid ===> x = 20 y = 10
DEBUG:root:refresh_grid ===> x = 0 y = 0
DEBUG:root:refresh_grid ===> x = 0 y = 10
DEBUG:root:refresh_grid ===> x = 10 y = 0
DEBUG:root:refresh_grid ===> x = 10 y = 10
DEBUG:root:refresh_grid ===> x = 20 y = 0
DEBUG:root:refresh_grid ===> x = 20 y = 10
DEBUG:root:refresh_grid ===> x = 0 y = 0
DEBUG:root:refresh_grid ===> x = 0 y = 10
DEBUG:root:refresh_grid ===> x = 10 y = 0
DEBUG:root:refresh_grid ===> x = 10 y = 10
DEBUG:root:refresh_grid ===> x = 20 y = 0
DEBUG:root:refresh_grid ===> x = 20 y = 10
DEBUG:root:refresh_grid ===> x = 0 y = 0
DEBUG:root:refresh_grid ===> x = 0 y = 10
DEBUG:root:refresh_grid ===> x = 10 y = 0
DEBUG:root:refresh_grid ===> x = 10 y = 10
DEBUG:root:refresh_grid ===> x = 20 y = 0
DEBUG:root:refresh_grid ===> x = 20 y = 10
DEBUG:root:refresh_grid ===> x = 0 y = 0
DEBUG:root:refresh_grid ===> x = 0 y = 10
DEBUG:root:refresh_grid ===> x = 10 y = 0
DEBUG:root:refresh_grid ===> x = 10 y = 10
DEBUG:root:refresh_grid ===> x = 20 y = 0
DEBUG:root:refresh_grid ===> x = 20 y = 10
DEBUG:root:refresh_grid ===> x = 0 y = 0
DEBUG:root:refresh_grid ===> x = 0 y = 10
DEBUG:root:refresh_grid ===> x = 10 y = 0
DEBUG:root:refresh_grid ===> x = 10 y = 10
DEBUG:root:refresh_grid ===> x = 20 y = 0
DEBUG:root:refresh_grid ===> x = 20 y = 10
DEBUG:root:refresh_grid ===> x = 0 y = 0
DEBUG:root:refresh_grid ===> x = 0 y = 10
DEBUG:root:refresh_grid ===> x = 10 y = 0
DEBUG:root:refresh_grid ===> x = 10 y = 10
DEBUG:root:refresh_grid ===> x = 20 y = 0
DEBUG:root:refresh_grid ===> x = 20 y = 10
DEBUG:root:refresh_grid ===> x = 0 y = 0
DEBUG:root:refresh_grid ===> x = 0 y = 10
DEBUG:root:refresh_grid ===> x = 10 y = 0
DEBUG:root:refresh_grid ===> x = 10 y = 10
DEBUG:root:refresh_grid ===> x = 20 y = 0
DEBUG:root:refresh_grid ===> x = 20 y = 10
DEBUG:root:refresh_grid ===> x = 0 y = 0
DEBUG:root:refresh_grid ===> x = 0 y = 10
DEBUG:root:refresh_grid ===> x = 10 y = 0
DEBUG:root:refresh_grid ===> x = 10 y = 10
DEBUG:root:refresh_grid ===> x = 20 y = 0
DEBUG:root:refresh_grid ===> x = 20 y = 10
DEBUG:root:refresh_grid ===> x = 0 y = 0
DEBUG:root:refresh_grid ===> x = 0 y = 10
DEBUG:root:refresh_grid ===> x = 10 y = 0
DEBUG:root:refresh_grid ===> x = 10 y = 10
DEBUG:root:refresh_grid ===> x = 20 y = 0
DEBUG:root:refresh_grid ===> x = 20 y = 10
DEBUG:root:refresh_grid ===> x = 0 y = 0
DEBUG:root:refresh_grid ===> x = 0 y = 10
DEBUG:root:refresh_grid ===> x = 10 y = 0
DEBUG:root:refresh_grid ===> x = 10 y = 10
DEBUG:root:refresh_grid ===> x = 20 y = 0
DEBUG:root:refresh_grid ===> x = 20 y = 10
DEBUG:root:refresh_grid ===> x = 0 y = 0
DEBUG:root:refresh_grid ===> x = 0 y = 10
DEBUG:root:refresh_grid ===> x = 10 y = 0
DEBUG:root:refresh_grid ===> x = 10 y = 10
DEBUG:root:refresh_grid ===> x = 20 y = 0
DEBUG:root:refresh_grid ===> x = 20 y = 10
DEBUG:root:refresh_grid ===> x = 0 y = 0
DEBUG:root:refresh_grid ===> x = 0 y = 10
DEBUG:root:refresh_grid ===> x = 10 y = 0
DEBUG:root:refresh_grid ===> x = 10 y = 10
DEBUG:root:refresh_grid ===> x = 20 y = 0
DEBUG:root:refresh_grid ===> x = 20 y = 10
DEBUG:root:refresh_grid ===> x = 0 y = 0
DEBUG:root:refresh_grid ===> x = 0 y = 10
DEBUG:root:refresh_grid ===> x = 10 y = 0
DEBUG:root:refresh_grid ===> x = 10 y = 10
DEBUG:root:refresh_grid ===> x = 20 y = 0
DEBUG:root:refresh_grid ===> x = 20 y = 10
DEBUG:root:refresh_grid ===> x = 0 y = 0
DEBUG:root:refresh_grid ===> x = 0 y = 10
DEBUG:root:refresh_grid ===> x = 10 y = 0
DEBUG:root:refresh_grid ===> x = 10 y = 10
DEBUG:root:refresh_grid ===> x = 20 y = 0
DEBUG:root:refresh_grid ===> x = 20 y = 10
DEBUG:root:refresh_grid ===> x = 0 y = 0
DEBUG:root:refresh_grid ===> x = 0 y = 10
DEBUG:root:refresh_grid ===> x = 10 y = 0
DEBUG:root:refresh_grid ===> x = 10 y = 10
DEBUG:root:refresh_grid ===> x = 20 y = 0
DEBUG:root:refresh_grid ===> x = 20 y = 10
DEBUG:root:refresh_grid ===> x = 0 y = 0
DEBUG:root:refresh_grid ===> x = 0 y = 10
DEBUG:root:refresh_grid ===> x = 10 y = 0
DEBUG:root:refresh_grid ===> x = 10 y = 10
DEBUG:root:refresh_grid ===> x = 20 y = 0
DEBUG:root:refresh_grid ===> x = 20 y = 10
DEBUG:root:refresh_grid ===> x = 0 y = 0
DEBUG:root:refresh_grid ===> x = 0 y = 10
DEBUG:root:refresh_grid ===> x = 10 y = 0
DEBUG:root:refresh_grid ===> x = 10 y = 10
DEBUG:root:refresh_grid ===> x = 20 y = 0
DEBUG:root:refresh_grid ===> x = 20 y = 10
DEBUG:root:refresh_grid ===> x = 0 y = 0
DEBUG:root:refresh_grid ===> x = 0 y = 10
DEBUG:root:refresh_grid ===> x = 10 y = 0
DEBUG:root:refresh_grid ===> x = 10 y = 10
DEBUG:root:refresh_grid ===> x = 20 y = 0
DEBUG:root:refresh_grid ===> x = 20 y = 10
DEBUG:root:refresh_grid ===> x = 0 y = 0
DEBUG:root:refresh_grid ===> x = 0 y = 10
DEBUG:root:refresh_grid ===> x = 10 y = 0
DEBUG:root:refresh_grid ===> x = 10 y = 10
DEBUG:root:refresh_grid ===> x = 20 y = 0
DEBUG:root:refresh_grid ===> x = 20 y = 10
DEBUG:root:refresh_grid ===> x = 0 y = 0
DEBUG:root:refresh_grid ===> x = 0 y = 10
DEBUG:root:refresh_grid ===> x = 10 y = 0
DEBUG:root:refresh_grid ===> x = 10 y = 10
DEBUG:root:refresh_grid ===> x = 20 y = 0
DEBUG:root:refresh_grid ===> x = 20 y = 10
DEBUG:root:refresh_grid ===> x = 0 y = 0
DEBUG:root:refresh_grid ===> x = 0 y = 10
DEBUG:root:refresh_grid ===> x = 10 y = 0
DEBUG:root:refresh_grid ===> x = 10 y = 10
DEBUG:root:refresh_grid ===> x = 20 y = 0
DEBUG:root:refresh_grid ===> x = 20 y = 10
DEBUG:root:refresh_grid ===> x = 0 y = 0
DEBUG:root:refresh_grid ===> x = 0 y = 10
DEBUG:root:refresh_grid ===> x = 10 y = 0
DEBUG:root:refresh_grid ===> x = 10 y = 10
DEBUG:root:refresh_grid ===> x = 20 y = 0
DEBUG:root:refresh_grid ===> x = 20 y = 10
DEBUG:root:refresh_grid ===> x = 0 y = 0
DEBUG:root:refresh_grid ===> x = 0 y = 10
DEBUG:root:refresh_grid ===> x = 10 y = 0
DEBUG:root:refresh_grid ===> x = 10 y = 10
DEBUG:root:refresh_grid ===> x = 20 y = 0
DEBUG:root:refresh_grid ===> x = 20 y = 10
DEBUG:root:refresh_grid ===> x = 0 y = 0
DEBUG:root:refresh_grid ===> x = 0 y = 10
DEBUG:root:refresh_grid ===> x = 10 y = 0
DEBUG:root:refresh_grid ===> x = 10 y = 10
DEBUG:root:refresh_grid ===> x = 20 y = 0
DEBUG:root:refresh_grid ===> x = 20 y = 10
DEBUG:root:refresh_grid ===> x = 0 y = 0
DEBUG:root:refresh_grid ===> x = 0 y = 10
DEBUG:root:refresh_grid ===> x = 10 y = 0
DEBUG:root:refresh_grid ===> x = 10 y = 10
DEBUG:root:refresh_grid ===> x = 20 y = 0
DEBUG:root:refresh_grid ===> x = 20 y = 10
DEBUG:root:refresh_grid ===> x = 0 y = 0
DEBUG:root:refresh_grid ===> x = 0 y = 10
DEBUG:root:refresh_grid ===> x = 10 y = 0
DEBUG:root:refresh_grid ===> x = 10 y = 10
DEBUG:root:refresh_grid ===> x = 20 y = 0
DEBUG:root:refresh_grid ===> x = 20 y = 10
DEBUG:root:refresh_grid ===> x = 0 y = 0
DEBUG:root:refresh_grid ===> x = 0 y = 10
DEBUG:root:refresh_grid ===> x = 10 y = 0
DEBUG:root:refresh_grid ===> x = 10 y = 10
DEBUG:root:refresh_grid ===> x = 20 y = 0
DEBUG:root:refresh_grid ===> x = 20 y = 10
DEBUG:root:refresh_grid ===> x = 0 y = 0
DEBUG:root:refresh_grid ===> x = 0 y = 10
DEBUG:root:refresh_grid ===> x = 10 y = 0
DEBUG:root:refresh_grid ===> x = 10 y = 10
DEBUG:root:refresh_grid ===> x = 20 y = 0
DEBUG:root:refresh_grid ===> x = 20 y = 10
DEBUG:root:refresh_grid ===> x = 0 y = 0
DEBUG:root:refresh_grid ===> x = 0 y = 10
DEBUG:root:refresh_grid ===> x = 10 y = 0
DEBUG:root:refresh_grid ===> x = 10 y = 10
DEBUG:root:refresh_grid ===> x = 20 y = 0
DEBUG:root:refresh_grid ===> x = 20 y = 10
DEBUG:root:refresh_grid ===> x = 0 y = 0
DEBUG:root:refresh_grid ===> x = 0 y = 10
DEBUG:root:refresh_grid ===> x = 10 y = 0
DEBUG:root:refresh_grid ===> x = 10 y = 10
DEBUG:root:refresh_grid ===> x = 20 y = 0
DEBUG:root:refresh_grid ===> x = 20 y = 10
DEBUG:root:refresh_grid ===> x = 0 y = 0
DEBUG:root:refresh_grid ===> x = 0 y = 10
DEBUG:root:refresh_grid ===> x = 10 y = 0
DEBUG:root:refresh_grid ===> x = 10 y = 10
DEBUG:root:refresh_grid ===> x = 20 y = 0
DEBUG:root:refresh_grid ===> x = 20 y = 10
DEBUG:root:refresh_grid ===> x = 0 y = 0
DEBUG:root:refresh_grid ===> x = 0 y = 10
DEBUG:root:refresh_grid ===> x = 10 y = 0
DEBUG:root:refresh_grid ===> x = 10 y = 10
DEBUG:root:refresh_grid ===> x = 20 y = 0
DEBUG:root:refresh_grid ===> x = 20 y = 10
DEBUG:root:refresh_grid ===> x = 0 y = 0
DEBUG:root:refresh_grid ===> x = 0 y = 10
DEBUG:root:refresh_grid ===> x = 10 y = 0
DEBUG:root:refresh_grid ===> x = 10 y = 10
DEBUG:root:refresh_grid ===> x = 20 y = 0
DEBUG:root:refresh_grid ===> x = 20 y = 10
DEBUG:root:refresh_grid ===> x = 0 y = 0
DEBUG:root:refresh_grid ===> x = 0 y = 10
DEBUG:root:refresh_grid ===> x = 10 y = 0
DEBUG:root:refresh_grid ===> x = 10 y = 10
DEBUG:root:refresh_grid ===> x = 20 y = 0
DEBUG:root:refresh_grid ===> x = 20 y = 10
DEBUG:root:refresh_grid ===> x = 0 y = 0
DEBUG:root:refresh_grid ===> x = 0 y = 10
DEBUG:root:refresh_grid ===> x = 10 y = 0
DEBUG:root:refresh_grid ===> x = 10 y = 10
DEBUG:root:refresh_grid ===> x = 20 y = 0
DEBUG:root:refresh_grid ===> x = 20 y = 10
DEBUG:root:refresh_grid ===> x = 0 y = 0
DEBUG:root:refresh_grid ===> x = 0 y = 10
DEBUG:root:refresh_grid ===> x = 10 y = 0
DEBUG:root:refresh_grid ===> x = 10 y = 10
DEBUG:root:refresh_grid ===> x = 20 y = 0
DEBUG:root:refresh_grid ===> x = 20 y = 10
DEBUG:root:refresh_grid ===> x = 0 y = 0
DEBUG:root:refresh_grid ===> x = 0 y = 10
DEBUG:root:refresh_grid ===> x = 10 y = 0
DEBUG:root:refresh_grid ===> x = 10 y = 10
DEBUG:root:refresh_grid ===> x = 20 y = 0
DEBUG:root:refresh_grid ===> x = 20 y = 10
DEBUG:root:refresh_grid ===> x = 0 y = 0
DEBUG:root:refresh_grid ===> x = 0 y = 10
DEBUG:root:refresh_grid ===> x = 10 y = 0
DEBUG:root:refresh_grid ===> x = 10 y = 10
DEBUG:root:refresh_grid ===> x = 20 y = 0
DEBUG:root:refresh_grid ===> x = 20 y = 10
DEBUG:root:refresh_grid ===> x = 0 y = 0
DEBUG:root:refresh_grid ===> x = 0 y = 10
DEBUG:root:refresh_grid ===> x = 10 y = 0
DEBUG:root:refresh_grid ===> x = 10 y = 10
DEBUG:root:refresh_grid ===> x = 20 y = 0
DEBUG:root:refresh_grid ===> x = 20 y = 10
DEBUG:root:refresh_grid ===> x = 0 y = 0
DEBUG:root:refresh_grid ===> x = 0 y = 10
DEBUG:root:refresh_grid ===> x = 10 y = 0
DEBUG:root:refresh_grid ===> x = 10 y = 10
DEBUG:root:refresh_grid ===> x = 20 y = 0
DEBUG:root:refresh_grid ===> x = 20 y = 10
DEBUG:root:refresh_grid ===> x = 0 y = 0
DEBUG:root:refresh_grid ===> x = 0 y = 10
DEBUG:root:low_point = Point(10.0, 10.0) high_point = Point(20.0, 20.0)
DEBUG:root:low_point = Point(30.0, 10.0) high_point = Point(40.0, 20.0)
DEBUG:root:low_point = Point(10.0, 20.0) high_point = Point(20.0, 30.0)
DEBUG:root:low_point = Point(0.0, 0.0) high_point = Point(10.0, 10.0)
DEBUG:root:if matrix loop x = 0 y = 0
DEBUG:root:x = 0 y = 0
DEBUG:root:i = 30 j = 10
DEBUG:root:i = 10
DEBUG:root:j = 10
DEBUG:root:low_point = Point(30.0, 10.0) high_point = Point(40.0, 20.0)
DEBUG:root:low_point = Point(20.0, 10.0) high_point = Point(30.0, 20.0)
DEBUG:root:low_point = Point(10.0, 10.0) high_point = Point(20.0, 20.0)
DEBUG:root:low_point = Point(0.0, 0.0) high_point = Point(10.0, 10.0)
DEBUG:root:if matrix loop x = 0 y = 0
DEBUG:root:x = 0 y = 0
DEBUG:root:i = 30 j = 10
DEBUG:root:i = 10
DEBUG:root:j = 10
DEBUG:root:if matrix loop x = 0 y = 10
DEBUG:root:x = 0 y = 10
DEBUG:root:i = 30 j = 0
DEBUG:root:i = 10
DEBUG:root:j = 20
DEBUG:root:if matrix loop x = 10 y = 0
DEBUG:root:x = 10 y = 0
DEBUG:root:i = 0 j = 10
DEBUG:root:i = 20
DEBUG:root:j = 10
DEBUG:root:if matrix loop x = 10 y = 10
DEBUG:root:x = 10 y = 10
DEBUG:root:i = 0 j = 0
DEBUG:root:i = 20
DEBUG:root:j = 20
DEBUG:root:if matrix loop x = 20 y = 0
DEBUG:root:x = 20 y = 0
DEBUG:root:i = 10 j = 10
DEBUG:root:i = 0
DEBUG:root:j = 10
DEBUG:root:if matrix loop x = 20 y = 10
DEBUG:root:x = 20 y = 10
DEBUG:root:i = 10 j = 0
DEBUG:root:i = 0
DEBUG:root:j = 20
DEBUG:root:------------------------------------
DEBUG:root:refresh_grid ===> x = 0 y = 0
DEBUG:root:low_point = Point(10.0, 0.0) high_point = Point(20.0, 10.0)
DEBUG:root:low_point = Point(20.0, 10.0) high_point = Point(30.0, 20.0)
DEBUG:root:low_point = Point(30.0, 20.0) high_point = Point(40.0, 30.0)
DEBUG:root:low_point = Point(0.0, 0.0) high_point = Point(10.0, 10.0)
DEBUG:root:if matrix loop x = 0 y = 0
DEBUG:root:x = 0 y = 0
DEBUG:root:i = 30 j = 10
DEBUG:root:i = 10
DEBUG:root:j = 10
DEBUG:root:if matrix loop x = 0 y = 10
DEBUG:root:x = 0 y = 10
DEBUG:root:i = 30 j = 0
DEBUG:root:i = 10
DEBUG:root:j = 20
DEBUG:root:if matrix loop x = 10 y = 0
DEBUG:root:x = 10 y = 0
DEBUG:root:i = 0 j = 10
DEBUG:root:i = 20
DEBUG:root:j = 10
DEBUG:root:if matrix loop x = 10 y = 10
DEBUG:root:x = 10 y = 10
DEBUG:root:i = 0 j = 0
DEBUG:root:i = 20
DEBUG:root:j = 20
DEBUG:root:if matrix loop x = 20 y = 0
DEBUG:root:x = 20 y = 0
DEBUG:root:i = 10 j = 10
DEBUG:root:i = 0
DEBUG:root:j = 10
DEBUG:root:if matrix loop x = 20 y = 10
DEBUG:root:x = 20 y = 10
DEBUG:root:i = 10 j = 0
DEBUG:root:i = 0
DEBUG:root:j = 20
DEBUG:root:low_point = Point(10.0, 10.0) high_point = Point(20.0, 20.0)
DEBUG:root:low_point = Point(20.0, 10.0) high_point = Point(30.0, 20.0)
DEBUG:root:low_point = Point(20.0, 20.0) high_point = Point(30.0, 30.0)
DEBUG:root:low_point = Point(0.0, -10.0) high_point = Point(10.0, 0.0)
DEBUG:root:low_point = Point(0.0, 0.0) high_point = Point(10.0, 10.0)
DEBUG:root:-------------------- check neighbor loop ---------
DEBUG:root:if matrix loop x = 0 y = 0
DEBUG:root:x = 0 y = 0
DEBUG:root:i = 30 j = 10
DEBUG:root:i = 10
DEBUG:root:j = 10
DEBUG:root:-------------------- check neighbor loop ---------
DEBUG:root:if matrix loop x = 0 y = 10
DEBUG:root:x = 0 y = 10
DEBUG:root:i = 30 j = 0
DEBUG:root:i = 10
DEBUG:root:j = 20
DEBUG:root:-------------------- check neighbor loop ---------
DEBUG:root:if matrix loop x = 0 y = 20
DEBUG:root:x = 0 y = 20
DEBUG:root:i = 30 j = 0
DEBUG:root:i = 10
DEBUG:root:j = 30
DEBUG:root:low_point = Point(20.0, 10.0) high_point = Point(30.0, 20.0)
DEBUG:root:low_point = Point(20.0, 20.0) high_point = Point(30.0, 30.0)
DEBUG:root:low_point = Point(10.0, 10.0) high_point = Point(20.0, 20.0)
DEBUG:root:low_point = Point(0.0, 0.0) high_point = Point(10.0, 10.0)
DEBUG:root:-------------------- check neighbor loop ---------
DEBUG:root:if matrix loop x = 0 y = 0
DEBUG:root:upper_left : (x, y) = (0, 0)
DEBUG:root:upper_left : (i, j) = (30, 10)
DEBUG:root:cell value = 0
DEBUG:root:above : (x, y) = (0, 0)
DEBUG:root:above : (i, j) = (0, 10)
DEBUG:root:cell value = 0
DEBUG:root:upper_right : (x, y) = (0, 0)
DEBUG:root:upper_right : (i, j) = (10, 10)
DEBUG:root:cell value = 1
DEBUG:root:right : (x, y) = (0, 0)
DEBUG:root:right : (i, j) = (10, 0)
DEBUG:root:cell value = 0
DEBUG:root:lower_left : (x, y) = (0, 0)
DEBUG:root:lower_left : (i, j) = (10, 10)
DEBUG:root:cell value = 1
DEBUG:root:lower : (x, y) = (0, 0)
DEBUG:root:lower : (i, j) = (0, 10)
DEBUG:root:cell value = 0
DEBUG:root:lower left : (x, y) = (0, 0)
DEBUG:root:lower left : (i, j) = (30, 10)
DEBUG:root:cell value = 0
DEBUG:root:left : (x, y) = (0, 0)
DEBUG:root:left : (i, j) = (30, 0)
DEBUG:root:cell value = 0
